# JRE version: Java(TM) SE Runtime Environment (8.0_291-b10) (build 1.8.0_291-b10)
# Java VM: Java HotSpot(TM) 64-Bit Server VM (25.291-b10 mixed mode windows-amd64 compressed oops)
Heap:
 PSYoungGen      total 116224K, used 37497K [0x000000076b100000, 0x0000000772f80000, 0x00000007c0000000)
  eden space 107008K, 28% used [0x000000076b100000,0x000000076cf1cd40,0x0000000771980000)
  from space 9216K, 72% used [0x0000000772680000,0x0000000772d01930,0x0000000772f80000)
  to   space 11264K, 0% used [0x0000000771980000,0x0000000771980000,0x0000000772480000)
 ParOldGen       total 93696K, used 16815K [0x00000006c1200000, 0x00000006c6d80000, 0x000000076b100000)
  object space 93696K, 17% used [0x00000006c1200000,0x00000006c226bc50,0x00000006c6d80000)
 Metaspace       used 41414K, capacity 43346K, committed 43520K, reserved 1087488K
  class space    used 5468K, capacity 5833K, committed 5888K, reserved 1048576K
GC Heap History (10 events):
Event: 2.374 GC heap before
{Heap before GC invocations=6 (full 1):
 PSYoungGen      total 76288K, used 67750K [0x000000076b100000, 0x0000000773080000, 0x00000007c0000000)
  eden space 65536K, 100% used [0x000000076b100000,0x000000076f100000,0x000000076f100000)
  from space 10752K, 20% used [0x000000076fb80000,0x000000076fda9af8,0x0000000770600000)
  to   space 10752K, 0% used [0x000000076f100000,0x000000076f100000,0x000000076fb80000)
 ParOldGen       total 93696K, used 7508K [0x00000006c1200000, 0x00000006c6d80000, 0x000000076b100000)
  object space 93696K, 8% used [0x00000006c1200000,0x00000006c19553c0,0x00000006c6d80000)
 Metaspace       used 25694K, capacity 26782K, committed 27008K, reserved 1073152K
  class space    used 3353K, capacity 3597K, committed 3712K, reserved 1048576K
Event: 2.380 GC heap after
Heap after GC invocations=6 (full 1):
 PSYoungGen      total 76288K, used 9455K [0x000000076b100000, 0x0000000773280000, 0x00000007c0000000)
  eden space 65536K, 0% used [0x000000076b100000,0x000000076b100000,0x000000076f100000)
  from space 10752K, 87% used [0x000000076f100000,0x000000076fa3bc08,0x000000076fb80000)
  to   space 12288K, 0% used [0x0000000772680000,0x0000000772680000,0x0000000773280000)
 ParOldGen       total 93696K, used 7508K [0x00000006c1200000, 0x00000006c6d80000, 0x000000076b100000)
  object space 93696K, 8% used [0x00000006c1200000,0x00000006c19553c0,0x00000006c6d80000)
 Metaspace       used 25694K, capacity 26782K, committed 27008K, reserved 1073152K
  class space    used 3353K, capacity 3597K, committed 3712K, reserved 1048576K
}
Event: 2.692 GC heap before
{Heap before GC invocations=7 (full 1):
 PSYoungGen      total 76288K, used 74991K [0x000000076b100000, 0x0000000773280000, 0x00000007c0000000)
  eden space 65536K, 100% used [0x000000076b100000,0x000000076f100000,0x000000076f100000)
  from space 10752K, 87% used [0x000000076f100000,0x000000076fa3bc08,0x000000076fb80000)
  to   space 12288K, 0% used [0x0000000772680000,0x0000000772680000,0x0000000773280000)
 ParOldGen       total 93696K, used 7508K [0x00000006c1200000, 0x00000006c6d80000, 0x000000076b100000)
  object space 93696K, 8% used [0x00000006c1200000,0x00000006c19553c0,0x00000006c6d80000)
 Metaspace       used 28249K, capacity 29636K, committed 29696K, reserved 1075200K
  class space    used 3732K, capacity 4046K, committed 4096K, reserved 1048576K
Event: 2.699 GC heap after
Heap after GC invocations=7 (full 1):
 PSYoungGen      total 116224K, used 7180K [0x000000076b100000, 0x0000000772f80000, 0x00000007c0000000)
  eden space 107008K, 0% used [0x000000076b100000,0x000000076b100000,0x0000000771980000)
  from space 9216K, 77% used [0x0000000772680000,0x0000000772d832a8,0x0000000772f80000)
  to   space 11264K, 0% used [0x0000000771980000,0x0000000771980000,0x0000000772480000)
 ParOldGen       total 93696K, used 7516K [0x00000006c1200000, 0x00000006c6d80000, 0x000000076b100000)
  object space 93696K, 8% used [0x00000006c1200000,0x00000006c19573c0,0x00000006c6d80000)
 Metaspace       used 28249K, capacity 29636K, committed 29696K, reserved 1075200K
  class space    used 3732K, capacity 4046K, committed 4096K, reserved 1048576K
}
Event: 3.338 GC heap before
{Heap before GC invocations=8 (full 1):
 PSYoungGen      total 116224K, used 109568K [0x000000076b100000, 0x0000000772f80000, 0x00000007c0000000)
  eden space 107008K, 95% used [0x000000076b100000,0x00000007714fcf90,0x0000000771980000)
  from space 9216K, 77% used [0x0000000772680000,0x0000000772d832a8,0x0000000772f80000)
  to   space 11264K, 0% used [0x0000000771980000,0x0000000771980000,0x0000000772480000)
 ParOldGen       total 93696K, used 7516K [0x00000006c1200000, 0x00000006c6d80000, 0x000000076b100000)
  object space 93696K, 8% used [0x00000006c1200000,0x00000006c19573c0,0x00000006c6d80000)
 Metaspace       used 33635K, capacity 35432K, committed 35496K, reserved 1079296K
  class space    used 4450K, capacity 4802K, committed 4864K, reserved 1048576K
Event: 3.356 GC heap after
Heap after GC invocations=8 (full 1):
 PSYoungGen      total 118272K, used 11252K [0x000000076b100000, 0x0000000772f80000, 0x00000007c0000000)
  eden space 107008K, 0% used [0x000000076b100000,0x000000076b100000,0x0000000771980000)
  from space 11264K, 99% used [0x0000000771980000,0x000000077247d318,0x0000000772480000)
  to   space 9216K, 0% used [0x0000000772680000,0x0000000772680000,0x0000000772f80000)
 ParOldGen       total 93696K, used 7882K [0x00000006c1200000, 0x00000006c6d80000, 0x000000076b100000)
  object space 93696K, 8% used [0x00000006c1200000,0x00000006c19b2a88,0x00000006c6d80000)
 Metaspace       used 33635K, capacity 35432K, committed 35496K, reserved 1079296K
  class space    used 4450K, capacity 4802K, committed 4864K, reserved 1048576K
}
Event: 3.356 GC heap before
{Heap before GC invocations=9 (full 2):
 PSYoungGen      total 118272K, used 11252K [0x000000076b100000, 0x0000000772f80000, 0x00000007c0000000)
  eden space 107008K, 0% used [0x000000076b100000,0x000000076b100000,0x0000000771980000)
  from space 11264K, 99% used [0x0000000771980000,0x000000077247d318,0x0000000772480000)
  to   space 9216K, 0% used [0x0000000772680000,0x0000000772680000,0x0000000772f80000)
 ParOldGen       total 93696K, used 7882K [0x00000006c1200000, 0x00000006c6d80000, 0x000000076b100000)
  object space 93696K, 8% used [0x00000006c1200000,0x00000006c19b2a88,0x00000006c6d80000)
 Metaspace       used 33635K, capacity 35432K, committed 35496K, reserved 1079296K
  class space    used 4450K, capacity 4802K, committed 4864K, reserved 1048576K
Event: 3.390 GC heap after
Heap after GC invocations=9 (full 2):
 PSYoungGen      total 118272K, used 0K [0x000000076b100000, 0x0000000772f80000, 0x00000007c0000000)
  eden space 107008K, 0% used [0x000000076b100000,0x000000076b100000,0x0000000771980000)
  from space 11264K, 0% used [0x0000000771980000,0x0000000771980000,0x0000000772480000)
  to   space 9216K, 0% used [0x0000000772680000,0x0000000772680000,0x0000000772f80000)
 ParOldGen       total 93696K, used 16743K [0x00000006c1200000, 0x00000006c6d80000, 0x000000076b100000)
  object space 93696K, 17% used [0x00000006c1200000,0x00000006c2259c40,0x00000006c6d80000)
 Metaspace       used 33635K, capacity 35432K, committed 35496K, reserved 1079296K
  class space    used 4450K, capacity 4802K, committed 4864K, reserved 1048576K
}
Event: 4.014 GC heap before
{Heap before GC invocations=10 (full 2):
 PSYoungGen      total 118272K, used 107008K [0x000000076b100000, 0x0000000772f80000, 0x00000007c0000000)
  eden space 107008K, 100% used [0x000000076b100000,0x0000000771980000,0x0000000771980000)
  from space 11264K, 0% used [0x0000000771980000,0x0000000771980000,0x0000000772480000)
  to   space 9216K, 0% used [0x0000000772680000,0x0000000772680000,0x0000000772f80000)
 ParOldGen       total 93696K, used 16743K [0x00000006c1200000, 0x00000006c6d80000, 0x000000076b100000)
  object space 93696K, 17% used [0x00000006c1200000,0x00000006c2259c40,0x00000006c6d80000)
 Metaspace       used 39532K, capacity 41480K, committed 41728K, reserved 1085440K
  class space    used 5215K, capacity 5574K, committed 5632K, reserved 1048576K
Event: 4.018 GC heap after
Heap after GC invocations=10 (full 2):
 PSYoungGen      total 116224K, used 6662K [0x000000076b100000, 0x0000000772f80000, 0x00000007c0000000)
  eden space 107008K, 0% used [0x000000076b100000,0x000000076b100000,0x0000000771980000)
  from space 9216K, 72% used [0x0000000772680000,0x0000000772d01930,0x0000000772f80000)
  to   space 11264K, 0% used [0x0000000771980000,0x0000000771980000,0x0000000772480000)
 ParOldGen       total 93696K, used 16815K [0x00000006c1200000, 0x00000006c6d80000, 0x000000076b100000)
  object space 93696K, 17% used [0x00000006c1200000,0x00000006c226bc50,0x00000006c6d80000)
 Metaspace       used 39532K, capacity 41480K, committed 41728K, reserved 1085440K
  class space    used 5215K, capacity 5574K, committed 5632K, reserved 1048576K
}

